<?xml version="1.0" encoding="UTF-8"?>
<!-- Generated by org.testng.reporters.JUnitXMLReporter -->
<testsuite hostname="Mds-MacBook-Pro.local" name="Default test" tests="2" failures="0" timestamp="18 Apr 2017 02:17:53 GMT" time="14.274" errors="0">
  <testcase name="testJobSearchWithRandomlySelectedJobCategory" time="8.258" classname="tests.TestJobSearchPage"/>
  <testcase name="testJobSearchWithoutSelectingJobCategory" time="3.929" classname="tests.TestJobSearchPage"/>
</testsuite> <!-- Default test -->
