<?xml version="1.0" encoding="UTF-8"?>
<testng-results skipped="0" failed="0" total="2" passed="2">
  <reporter-output>
  </reporter-output>
  <suite name="Default suite" duration-ms="14274" started-at="2017-04-18T02:17:38Z" finished-at="2017-04-18T02:17:53Z">
    <groups>
    </groups>
    <test name="Default test" duration-ms="14274" started-at="2017-04-18T02:17:38Z" finished-at="2017-04-18T02:17:53Z">
      <class name="tests.TestJobSearchPage">
        <test-method status="PASS" signature="setUp()[pri:0, instance:tests.TestJobSearchPage@79866b99]" name="setUp" is-config="true" duration-ms="161684" started-at="2017-04-17T22:14:57Z" finished-at="2017-04-17T22:17:38Z">
          <reporter-output>
          </reporter-output>
        </test-method> <!-- setUp -->
        <test-method status="PASS" signature="classSetUp()[pri:0, instance:tests.TestJobSearchPage@79866b99]" name="classSetUp" is-config="true" duration-ms="1419" started-at="2017-04-17T22:17:39Z" finished-at="2017-04-17T22:17:40Z">
          <reporter-output>
          </reporter-output>
        </test-method> <!-- classSetUp -->
        <test-method status="PASS" signature="testJobSearchWithRandomlySelectedJobCategory()[pri:0, instance:tests.TestJobSearchPage@79866b99]" name="testJobSearchWithRandomlySelectedJobCategory" duration-ms="8258" started-at="2017-04-17T22:17:40Z" finished-at="2017-04-17T22:17:48Z">
          <reporter-output>
          </reporter-output>
        </test-method> <!-- testJobSearchWithRandomlySelectedJobCategory -->
        <test-method status="PASS" signature="classTearDown()[pri:0, instance:tests.TestJobSearchPage@79866b99]" name="classTearDown" is-config="true" duration-ms="234" started-at="2017-04-17T22:17:48Z" finished-at="2017-04-17T22:17:49Z">
          <reporter-output>
          </reporter-output>
        </test-method> <!-- classTearDown -->
        <test-method status="PASS" signature="testJobSearchWithoutSelectingJobCategory()[pri:0, instance:tests.TestJobSearchPage@79866b99]" name="testJobSearchWithoutSelectingJobCategory" duration-ms="3929" started-at="2017-04-17T22:17:49Z" finished-at="2017-04-17T22:17:53Z">
          <reporter-output>
          </reporter-output>
        </test-method> <!-- testJobSearchWithoutSelectingJobCategory -->
        <test-method status="PASS" signature="classTearDown()[pri:0, instance:tests.TestJobSearchPage@79866b99]" name="classTearDown" is-config="true" duration-ms="68" started-at="2017-04-17T22:17:53Z" finished-at="2017-04-17T22:17:53Z">
          <reporter-output>
          </reporter-output>
        </test-method> <!-- classTearDown -->
        <test-method status="PASS" signature="tearDown()[pri:0, instance:tests.TestJobSearchPage@79866b99]" name="tearDown" is-config="true" duration-ms="99" started-at="2017-04-17T22:17:53Z" finished-at="2017-04-17T22:17:53Z">
          <reporter-output>
          </reporter-output>
        </test-method> <!-- tearDown -->
      </class> <!-- tests.TestJobSearchPage -->
    </test> <!-- Default test -->
  </suite> <!-- Default suite -->
</testng-results>
